{"level":"info","message":"Server is running on port 4000 in development mode","timestamp":"2025-08-08T05:39:22.536Z"}
{"level":"info","message":"Database connected successfully","timestamp":"2025-08-08T05:39:23.306Z"}
{"level":"info","message":"Server is running on port 4000 in development mode","timestamp":"2025-08-08T14:10:08.270Z"}
{"level":"info","message":"Database connected successfully","timestamp":"2025-08-08T14:10:08.584Z"}
{"level":"info","message":"Server is running on port 4000 in development mode","timestamp":"2025-08-08T14:19:30.168Z"}
{"level":"info","message":"Database connected successfully","timestamp":"2025-08-08T14:19:30.458Z"}
{"level":"info","message":"[POST] /api/auth/login accessed","timestamp":"2025-08-08T14:20:41.452Z"}
{"level":"warn","message":"Login failed: No user found with email user@example.com","timestamp":"2025-08-08T14:20:41.474Z"}
{"level":"info","message":"Request: POST /login - 400 [26ms]","timestamp":"2025-08-08T14:20:41.478Z"}
{"level":"info","message":"[POST] /api/auth/login accessed","timestamp":"2025-08-08T14:20:48.458Z"}
{"level":"warn","message":"Login failed: No user found with email user@example.com","timestamp":"2025-08-08T14:20:48.472Z"}
{"level":"info","message":"Request: POST /login - 400 [16ms]","timestamp":"2025-08-08T14:20:48.473Z"}
{"level":"info","message":"[POST] /api/auth/login accessed","timestamp":"2025-08-08T14:20:59.118Z"}
{"level":"warn","message":"Login failed: No user found with email user@example.com","timestamp":"2025-08-08T14:20:59.128Z"}
{"level":"info","message":"Request: POST /login - 400 [11ms]","timestamp":"2025-08-08T14:20:59.129Z"}
{"level":"info","message":"SIGINT signal received: closing server...","timestamp":"2025-08-08T14:22:26.641Z"}
{"level":"info","message":"Server is running on port 4000 in development mode","timestamp":"2025-08-08T14:22:27.327Z"}
{"level":"info","message":"Database connected successfully","timestamp":"2025-08-08T14:22:27.714Z"}
{"level":"info","message":"Incoming Request: POST /api/auth/login","timestamp":"2025-08-08T14:25:04.346Z"}
{"level":"info","message":"[POST] /api/auth/login accessed","timestamp":"2025-08-08T14:25:04.347Z"}
{"level":"warn","message":"Login failed: No user found with email user@example.com","timestamp":"2025-08-08T14:25:04.367Z"}
{"level":"info","message":"Response: POST /login - Status: 400","timestamp":"2025-08-08T14:25:04.371Z"}
{"level":"info","message":"Incoming Request: POST /api/auth/login","timestamp":"2025-08-08T14:26:54.927Z"}
{"level":"info","message":"[POST] /api/auth/login accessed","timestamp":"2025-08-08T14:26:54.927Z"}
{"level":"info","message":"User logged in successfully: staff@campabbey.com","timestamp":"2025-08-08T14:26:55.036Z"}
{"level":"info","message":"Response: POST /login - Status: 200","timestamp":"2025-08-08T14:26:55.038Z"}
{"level":"info","message":"Incoming Request: POST /api/auth/login","timestamp":"2025-08-08T14:28:30.763Z"}
{"level":"info","message":"[POST] /api/auth/login accessed","timestamp":"2025-08-08T14:28:30.763Z"}
{"level":"warn","message":"Login failed: No user found with email user@example.com","timestamp":"2025-08-08T14:28:30.772Z"}
{"level":"info","message":"Response: POST /login - Status: 400","timestamp":"2025-08-08T14:28:30.774Z"}
{"level":"info","message":"Incoming Request: POST /api/auth/login","timestamp":"2025-08-08T14:33:59.169Z"}
{"level":"info","message":"[POST] /api/auth/login accessed","timestamp":"2025-08-08T14:33:59.169Z"}
{"level":"info","message":"User logged in successfully: staff@campabbey.com","timestamp":"2025-08-08T14:33:59.263Z"}
{"level":"info","message":"Response: POST /login - Status: 200","timestamp":"2025-08-08T14:33:59.264Z"}
{"level":"info","message":"Incoming Request: POST /api/auth/login","timestamp":"2025-08-08T14:35:48.367Z"}
{"level":"info","message":"[POST] /api/auth/login accessed","timestamp":"2025-08-08T14:35:48.367Z"}
{"level":"info","message":"User logged in successfully: staff@campabbey.com","timestamp":"2025-08-08T14:35:48.461Z"}
{"level":"info","message":"Response: POST /login - Status: 200","timestamp":"2025-08-08T14:35:48.464Z"}
{"level":"info","message":"Incoming Request: POST /api/auth/login","timestamp":"2025-08-08T14:37:53.790Z"}
{"level":"info","message":"[POST] /api/auth/login accessed","timestamp":"2025-08-08T14:37:53.790Z"}
{"level":"info","message":"User logged in successfully: staff@campabbey.com","timestamp":"2025-08-08T14:37:53.882Z"}
{"level":"info","message":"Response: POST /login - Status: 200","timestamp":"2025-08-08T14:37:53.883Z"}
{"level":"info","message":"SIGINT signal received: closing server...","timestamp":"2025-08-08T14:45:03.688Z"}
{"level":"info","message":"Server is running on port 4000 in development mode","timestamp":"2025-08-08T14:45:05.323Z"}
{"level":"info","message":"Database connected successfully","timestamp":"2025-08-08T14:45:05.834Z"}
{"level":"info","message":"Server is running on port 4000 in development mode","timestamp":"2025-08-08T14:46:26.393Z"}
{"level":"info","message":"Database connected successfully","timestamp":"2025-08-08T14:46:26.760Z"}
{"level":"info","message":"Incoming Request: POST /api/auth/login","timestamp":"2025-08-08T14:48:10.155Z"}
{"level":"info","message":"[POST] /api/auth/login accessed","timestamp":"2025-08-08T14:48:10.156Z"}
{"level":"info","message":"User logged in successfully: staff@campabbey.com","timestamp":"2025-08-08T14:48:10.282Z"}
{"level":"info","message":"Response: POST /login - Status: 200","timestamp":"2025-08-08T14:48:10.288Z"}
{"level":"info","message":"Incoming Request: POST /api/auth/login","timestamp":"2025-08-08T14:48:45.992Z"}
{"level":"info","message":"[POST] /api/auth/login accessed","timestamp":"2025-08-08T14:48:45.993Z"}
{"level":"info","message":"User logged in successfully: staff@campabbey.com","timestamp":"2025-08-08T14:48:46.088Z"}
{"level":"info","message":"Response: POST /login - Status: 200","timestamp":"2025-08-08T14:48:46.089Z"}
{"level":"info","message":"SIGINT signal received: closing server...","timestamp":"2025-08-08T14:49:22.895Z"}
{"level":"info","message":"Server is running on port 4000 in development mode","timestamp":"2025-08-08T14:49:24.361Z"}
{"level":"info","message":"Database connected successfully","timestamp":"2025-08-08T14:49:25.095Z"}
{"level":"info","message":"Incoming Request: POST /api/auth/login","timestamp":"2025-08-08T14:49:30.342Z"}
{"level":"info","message":"[POST] /api/auth/login accessed","timestamp":"2025-08-08T14:49:30.344Z"}
{"level":"info","message":"User logged in successfully: staff@campabbey.com","timestamp":"2025-08-08T14:49:30.460Z"}
{"level":"info","message":"Response: POST /login - Status: 200","timestamp":"2025-08-08T14:49:30.466Z"}
{"level":"info","message":"Incoming Request: GET /api/sessions","timestamp":"2025-08-08T14:51:41.759Z"}
{"level":"info","message":"Response: GET / - Status: 304","timestamp":"2025-08-08T14:51:41.775Z"}
{"level":"info","message":"Incoming Request: GET /api/sessions","timestamp":"2025-08-08T14:51:41.995Z"}
{"level":"info","message":"Response: GET / - Status: 200","timestamp":"2025-08-08T14:51:42.080Z"}
{"level":"info","message":"Incoming Request: GET /api/sessions","timestamp":"2025-08-08T14:51:55.992Z"}
{"level":"info","message":"Incoming Request: GET /api/sessions","timestamp":"2025-08-08T14:51:56.003Z"}
{"level":"info","message":"Response: GET / - Status: 200","timestamp":"2025-08-08T14:51:56.008Z"}
{"level":"info","message":"Response: GET / - Status: 200","timestamp":"2025-08-08T14:51:56.016Z"}
{"level":"info","message":"Incoming Request: POST /api/auth/login","timestamp":"2025-08-08T14:52:06.441Z"}
{"level":"info","message":"[POST] /api/auth/login accessed","timestamp":"2025-08-08T14:52:06.442Z"}
{"level":"info","message":"User logged in successfully: staff@campabbey.com","timestamp":"2025-08-08T14:52:06.650Z"}
{"level":"info","message":"Response: POST /login - Status: 200","timestamp":"2025-08-08T14:52:06.660Z"}
{"level":"info","message":"Incoming Request: GET /api/sessions","timestamp":"2025-08-08T14:52:09.333Z"}
{"level":"info","message":"Response: GET / - Status: 304","timestamp":"2025-08-08T14:52:09.344Z"}
{"level":"info","message":"Incoming Request: GET /api/sessions","timestamp":"2025-08-08T14:52:09.535Z"}
{"level":"info","message":"Response: GET / - Status: 304","timestamp":"2025-08-08T14:52:09.545Z"}
{"level":"info","message":"Incoming Request: GET /api/sessions","timestamp":"2025-08-08T14:52:13.174Z"}
{"level":"info","message":"Response: GET / - Status: 304","timestamp":"2025-08-08T14:52:13.187Z"}
{"level":"info","message":"Incoming Request: GET /api/sessions","timestamp":"2025-08-08T14:52:13.269Z"}
{"level":"info","message":"Response: GET / - Status: 200","timestamp":"2025-08-08T14:52:13.281Z"}
{"level":"info","message":"Server is running on port 4000 in development mode","timestamp":"2025-08-08T14:56:38.965Z"}
{"level":"info","message":"Database connected successfully","timestamp":"2025-08-08T14:56:39.427Z"}
{"level":"info","message":"Incoming Request: POST /api/auth/register","timestamp":"2025-08-08T14:56:54.709Z"}
{"level":"info","message":"[POST] /api/auth/register accessed","timestamp":"2025-08-08T14:56:54.710Z"}
{"level":"info","message":"New user registered: superadmin2@campabbey.com","timestamp":"2025-08-08T14:56:54.852Z"}
{"level":"info","message":"Response: POST /register - Status: 201","timestamp":"2025-08-08T14:56:54.857Z"}
{"level":"info","message":"Incoming Request: POST /api/auth/login","timestamp":"2025-08-08T14:57:37.535Z"}
{"level":"info","message":"[POST] /api/auth/login accessed","timestamp":"2025-08-08T14:57:37.536Z"}
{"level":"info","message":"User logged in successfully: superadmin2@campabbey.com","timestamp":"2025-08-08T14:57:37.632Z"}
{"level":"info","message":"Response: POST /login - Status: 200","timestamp":"2025-08-08T14:57:37.633Z"}
{"level":"info","message":"Incoming Request: POST /api/auth/register","timestamp":"2025-08-08T14:59:26.435Z"}
{"level":"info","message":"[POST] /api/auth/register accessed","timestamp":"2025-08-08T14:59:26.435Z"}
{"level":"warn","message":"Registration failed: User with email superadmin2@campabbey.com already exists.","timestamp":"2025-08-08T14:59:26.445Z"}
{"level":"info","message":"Response: POST /register - Status: 400","timestamp":"2025-08-08T14:59:26.446Z"}
{"level":"info","message":"Incoming Request: POST /api/auth/register","timestamp":"2025-08-08T15:00:04.268Z"}
{"level":"info","message":"[POST] /api/auth/register accessed","timestamp":"2025-08-08T15:00:04.269Z"}
{"level":"warn","message":"Registration failed: User with email superadmin2@campabbey.com already exists.","timestamp":"2025-08-08T15:00:04.280Z"}
{"level":"info","message":"Response: POST /register - Status: 400","timestamp":"2025-08-08T15:00:04.284Z"}
{"level":"info","message":"Server is running on port 4000 in development mode","timestamp":"2025-08-08T15:05:35.737Z"}
{"level":"info","message":"Database connected successfully","timestamp":"2025-08-08T15:05:36.307Z"}
{"level":"info","message":"Incoming Request: POST /api/auth/login","timestamp":"2025-08-08T15:22:11.968Z"}
{"level":"info","message":"[POST] /api/auth/login accessed","timestamp":"2025-08-08T15:22:11.969Z"}
{"level":"info","message":"User logged in successfully: superadmin2@campabbey.com","timestamp":"2025-08-08T15:22:12.093Z"}
{"level":"info","message":"Response: POST /login - Status: 200","timestamp":"2025-08-08T15:22:12.099Z"}
{"level":"info","message":"Incoming Request: POST /api/auth/register","timestamp":"2025-08-08T15:31:08.785Z"}
{"level":"info","message":"[POST] /api/auth/register accessed","timestamp":"2025-08-08T15:31:08.786Z"}
{"level":"warn","message":"Registration failed: User with email superadmin2@campabbey.com already exists.","timestamp":"2025-08-08T15:31:08.798Z"}
{"level":"info","message":"Response: POST /register - Status: 400","timestamp":"2025-08-08T15:31:08.800Z"}
{"level":"info","message":"Incoming Request: POST /api/auth/login","timestamp":"2025-08-08T15:51:11.437Z"}
{"level":"info","message":"[POST] /api/auth/login accessed","timestamp":"2025-08-08T15:51:11.437Z"}
{"level":"info","message":"User logged in successfully: superadmin2@campabbey.com","timestamp":"2025-08-08T15:51:11.539Z"}
{"level":"info","message":"Response: POST /login - Status: 200","timestamp":"2025-08-08T15:51:11.543Z"}
{"level":"info","message":"Incoming Request: GET /api/sessions","timestamp":"2025-08-08T15:51:47.511Z"}
{"level":"info","message":"Response: GET / - Status: 200","timestamp":"2025-08-08T15:51:47.528Z"}
{"level":"info","message":"Incoming Request: GET /api/sessions","timestamp":"2025-08-08T15:51:48.768Z"}
{"level":"info","message":"Response: GET / - Status: 200","timestamp":"2025-08-08T15:51:48.780Z"}
{"level":"info","message":"Incoming Request: GET /api/sessions","timestamp":"2025-08-08T15:51:56.948Z"}
{"level":"info","message":"Response: GET / - Status: 200","timestamp":"2025-08-08T15:51:56.960Z"}
{"level":"info","message":"Incoming Request: GET /api/sessions","timestamp":"2025-08-08T15:51:57.849Z"}
{"level":"info","message":"Response: GET / - Status: 200","timestamp":"2025-08-08T15:51:57.861Z"}
{"level":"info","message":"Incoming Request: POST /api/auth/login","timestamp":"2025-08-08T15:52:10.066Z"}
{"level":"info","message":"[POST] /api/auth/login accessed","timestamp":"2025-08-08T15:52:10.066Z"}
{"level":"info","message":"User logged in successfully: superadmin2@campabbey.com","timestamp":"2025-08-08T15:52:10.158Z"}
{"level":"info","message":"Response: POST /login - Status: 200","timestamp":"2025-08-08T15:52:10.159Z"}
{"level":"info","message":"SIGINT signal received: closing server...","timestamp":"2025-08-08T16:00:34.239Z"}
{"level":"info","message":"Server is running on port 4000 in development mode","timestamp":"2025-08-08T16:00:42.178Z"}
{"level":"info","message":"Database connected successfully","timestamp":"2025-08-08T16:00:42.850Z"}
{"level":"info","message":"SIGINT signal received: closing server...","timestamp":"2025-08-08T16:04:43.646Z"}
{"level":"info","message":"Server is running on port 4000 in development mode","timestamp":"2025-08-08T16:04:46.339Z"}
{"level":"info","message":"Database connected successfully","timestamp":"2025-08-08T16:04:47.004Z"}
{"level":"info","message":"SIGINT signal received: closing server...","timestamp":"2025-08-08T16:06:44.382Z"}
{"level":"info","message":"Server is running on port 4000 in development mode","timestamp":"2025-08-08T16:06:47.551Z"}
{"level":"info","message":"Database connected successfully","timestamp":"2025-08-08T16:06:48.291Z"}
{"level":"info","message":"SIGINT signal received: closing server...","timestamp":"2025-08-08T16:08:46.655Z"}
{"level":"info","message":"Server is running on port 4000 in development mode","timestamp":"2025-08-08T16:08:49.534Z"}
{"level":"info","message":"Database connected successfully","timestamp":"2025-08-08T16:08:50.136Z"}
{"level":"info","message":"Incoming Request: GET /api/sessions","timestamp":"2025-08-08T16:09:00.327Z"}
{"level":"info","message":"Incoming Request: GET /api/sessions","timestamp":"2025-08-08T16:09:00.339Z"}
{"level":"info","message":"Response: GET / - Status: 200","timestamp":"2025-08-08T16:09:00.360Z"}
{"level":"info","message":"Response: GET / - Status: 200","timestamp":"2025-08-08T16:09:00.362Z"}
{"level":"info","message":"Incoming Request: POST /api/auth/login","timestamp":"2025-08-08T16:09:13.013Z"}
{"level":"info","message":"[POST] /api/auth/login accessed","timestamp":"2025-08-08T16:09:13.014Z"}
{"level":"info","message":"User logged in successfully: staff@campabbey.com","timestamp":"2025-08-08T16:09:13.128Z"}
{"level":"info","message":"Response: POST /login - Status: 200","timestamp":"2025-08-08T16:09:13.131Z"}
{"level":"info","message":"SIGINT signal received: closing server...","timestamp":"2025-08-08T16:14:55.909Z"}
{"level":"info","message":"Server is running on port 4000 in development mode","timestamp":"2025-08-08T16:14:58.449Z"}
{"level":"info","message":"Database connected successfully","timestamp":"2025-08-08T16:14:59.100Z"}
{"level":"info","message":"SIGINT signal received: closing server...","timestamp":"2025-08-08T16:18:12.543Z"}
{"level":"info","message":"Server is running on port 4000 in development mode","timestamp":"2025-08-08T16:18:14.539Z"}
{"level":"info","message":"Database connected successfully","timestamp":"2025-08-08T16:18:15.191Z"}
{"level":"info","message":"SIGINT signal received: closing server...","timestamp":"2025-08-08T16:26:53.494Z"}
{"level":"info","message":"Server is running on port 4000 in development mode","timestamp":"2025-08-08T16:26:55.690Z"}
{"level":"info","message":"Database connected successfully","timestamp":"2025-08-08T16:26:56.373Z"}
{"level":"info","message":"Incoming Request: POST /api/auth/login","timestamp":"2025-08-08T16:27:13.208Z"}
{"level":"info","message":"[POST] /api/auth/login accessed","timestamp":"2025-08-08T16:27:13.209Z"}
{"level":"info","message":"User logged in successfully: staff@campabbey.com","timestamp":"2025-08-08T16:27:13.329Z"}
{"level":"info","message":"Response: POST /login - Status: 200","timestamp":"2025-08-08T16:27:13.334Z"}
{"level":"info","message":"SIGINT signal received: closing server...","timestamp":"2025-08-08T16:30:55.042Z"}
{"level":"info","message":"Server is running on port 4000 in development mode","timestamp":"2025-08-08T16:30:57.622Z"}
{"level":"info","message":"Database connected successfully","timestamp":"2025-08-08T16:30:58.240Z"}
{"level":"info","message":"Incoming Request: POST /api/auth/login","timestamp":"2025-08-08T16:31:13.440Z"}
{"level":"info","message":"User logged in successfully: staff@campabbey.com","timestamp":"2025-08-08T16:31:13.570Z"}
{"level":"info","message":"Response: POST /login - Status: 200","timestamp":"2025-08-08T16:31:13.575Z"}
{"level":"info","message":"Server is running on port 4000 in development mode","timestamp":"2025-08-08T16:31:48.309Z"}
{"level":"info","message":"Database connected successfully","timestamp":"2025-08-08T16:31:48.499Z"}
{"level":"info","message":"Incoming Request: GET /api/sessions","timestamp":"2025-08-08T16:34:34.785Z"}
{"level":"info","message":"Response: GET / - Status: 200","timestamp":"2025-08-08T16:34:34.813Z"}
{"level":"info","message":"Incoming Request: GET /api/sessions","timestamp":"2025-08-08T16:34:35.155Z"}
{"level":"info","message":"Response: GET / - Status: 200","timestamp":"2025-08-08T16:34:35.170Z"}
{"level":"info","message":"Incoming Request: POST /api/auth/login","timestamp":"2025-08-08T16:34:41.803Z"}
{"level":"info","message":"User logged in successfully: staff@campabbey.com","timestamp":"2025-08-08T16:34:41.922Z"}
{"level":"info","message":"Response: POST /login - Status: 200","timestamp":"2025-08-08T16:34:41.923Z"}
{"level":"info","message":"Incoming Request: GET /api/sessions","timestamp":"2025-08-08T16:39:20.783Z"}
{"level":"info","message":"Response: GET / - Status: 200","timestamp":"2025-08-08T16:39:20.807Z"}
{"level":"info","message":"Incoming Request: GET /api/sessions","timestamp":"2025-08-08T16:39:20.814Z"}
{"level":"info","message":"Response: GET / - Status: 200","timestamp":"2025-08-08T16:39:20.829Z"}
{"level":"info","message":"Incoming Request: POST /api/auth/login","timestamp":"2025-08-08T16:39:28.454Z"}
{"level":"info","message":"User logged in successfully: staff@campabbey.com","timestamp":"2025-08-08T16:39:28.551Z"}
{"level":"info","message":"Response: POST /login - Status: 200","timestamp":"2025-08-08T16:39:28.551Z"}
{"level":"info","message":"SIGINT signal received: closing server...","timestamp":"2025-08-08T16:43:07.222Z"}
{"level":"info","message":"Server is running on port 4000 in development mode","timestamp":"2025-08-08T16:43:09.753Z"}
{"level":"info","message":"Database connected successfully","timestamp":"2025-08-08T16:43:10.607Z"}
{"level":"info","message":"Server is running on port 4000 in development mode","timestamp":"2025-08-08T16:43:51.727Z"}
{"level":"info","message":"Database connected successfully","timestamp":"2025-08-08T16:43:51.926Z"}
{"level":"info","message":"Incoming Request: POST /api/auth/login","timestamp":"2025-08-08T16:45:07.276Z"}
{"level":"info","message":"User logged in successfully: staff@campabbey.com","timestamp":"2025-08-08T16:45:07.411Z"}
{"level":"info","message":"Response: POST /login - Status: 200","timestamp":"2025-08-08T16:45:07.424Z"}
{"level":"info","message":"Incoming Request: GET /api/sessions","timestamp":"2025-08-08T16:45:09.707Z"}
{"level":"warn","message":"Authorization header missing.","timestamp":"2025-08-08T16:45:09.710Z"}
{"level":"info","message":"Response: GET / - Status: 401","timestamp":"2025-08-08T16:45:09.711Z"}
{"level":"info","message":"Incoming Request: GET /api/sessions","timestamp":"2025-08-08T16:45:10.129Z"}
{"level":"warn","message":"Authorization header missing.","timestamp":"2025-08-08T16:45:10.130Z"}
{"level":"info","message":"Response: GET / - Status: 401","timestamp":"2025-08-08T16:45:10.133Z"}
{"level":"info","message":"Incoming Request: GET /api/sessions","timestamp":"2025-08-08T17:16:58.851Z"}
{"level":"warn","message":"Authorization header missing.","timestamp":"2025-08-08T17:16:58.851Z"}
{"level":"info","message":"Response: GET / - Status: 401","timestamp":"2025-08-08T17:16:58.853Z"}
{"level":"info","message":"Incoming Request: GET /api/sessions","timestamp":"2025-08-08T17:16:58.865Z"}
{"level":"warn","message":"Authorization header missing.","timestamp":"2025-08-08T17:16:58.866Z"}
{"level":"info","message":"Response: GET / - Status: 401","timestamp":"2025-08-08T17:16:58.869Z"}
{"level":"info","message":"SIGINT signal received: closing server...","timestamp":"2025-08-08T17:20:19.710Z"}
{"level":"info","message":"Server is running on port 4000 in development mode","timestamp":"2025-08-08T17:20:42.751Z"}
{"level":"info","message":"Database connected successfully","timestamp":"2025-08-08T17:20:43.669Z"}
{"level":"info","message":"SIGINT signal received: closing server...","timestamp":"2025-08-08T17:20:52.244Z"}
{"level":"info","message":"Server is running on port 4000 in development mode","timestamp":"2025-08-08T17:20:59.031Z"}
{"level":"info","message":"Database connected successfully","timestamp":"2025-08-08T17:20:59.772Z"}
{"level":"info","message":"SIGINT signal received: closing server...","timestamp":"2025-08-08T17:21:06.341Z"}
{"level":"info","message":"Server is running on port 4000 in development mode","timestamp":"2025-08-08T17:21:09.971Z"}
{"level":"info","message":"Database connected successfully","timestamp":"2025-08-08T17:21:10.446Z"}
{"level":"info","message":"SIGINT signal received: closing server...","timestamp":"2025-08-08T17:21:24.215Z"}
{"level":"info","message":"Server is running on port 4000 in development mode","timestamp":"2025-08-08T17:24:23.932Z"}
{"level":"info","message":"Database connected successfully","timestamp":"2025-08-08T17:24:24.720Z"}
{"level":"info","message":"SIGINT signal received: closing server...","timestamp":"2025-08-08T17:24:59.255Z"}
{"level":"info","message":"Server is running on port 4000 in development mode","timestamp":"2025-08-08T17:25:03.425Z"}
{"level":"info","message":"Database connected successfully","timestamp":"2025-08-08T17:25:04.232Z"}
{"level":"info","message":"Server is running on port 4000 in development mode","timestamp":"2025-08-08T17:26:06.125Z"}
{"level":"info","message":"Database connected successfully","timestamp":"2025-08-08T17:26:06.585Z"}
{"level":"info","message":"Incoming Request: GET /api/sessions","timestamp":"2025-08-08T17:26:18.301Z"}
{"level":"warn","message":"Authorization header missing.","timestamp":"2025-08-08T17:26:18.304Z"}
{"level":"info","message":"Response: GET / - Status: 401","timestamp":"2025-08-08T17:26:18.313Z"}
{"level":"info","message":"Incoming Request: GET /api/sessions","timestamp":"2025-08-08T17:26:18.316Z"}
{"level":"warn","message":"Authorization header missing.","timestamp":"2025-08-08T17:26:18.319Z"}
{"level":"info","message":"Response: GET / - Status: 401","timestamp":"2025-08-08T17:26:18.321Z"}
{"level":"info","message":"SIGINT signal received: closing server...","timestamp":"2025-08-08T17:29:34.692Z"}
{"level":"info","message":"Server is running on port 4000 in development mode","timestamp":"2025-08-08T17:29:38.571Z"}
{"level":"info","message":"Database connected successfully","timestamp":"2025-08-08T17:29:39.740Z"}
{"level":"info","message":"Server is running on port 4000 in development mode","timestamp":"2025-08-08T17:29:53.965Z"}
{"level":"info","message":"Database connected successfully","timestamp":"2025-08-08T17:29:54.263Z"}
{"level":"info","message":"Incoming Request: GET /api/sessions","timestamp":"2025-08-08T17:30:04.736Z"}
{"level":"warn","message":"Authorization header is missing.","timestamp":"2025-08-08T17:30:04.737Z"}
{"level":"info","message":"Response: GET / - Status: 401","timestamp":"2025-08-08T17:30:04.749Z"}
{"level":"info","message":"Incoming Request: GET /api/sessions","timestamp":"2025-08-08T17:30:04.752Z"}
{"level":"warn","message":"Authorization header is missing.","timestamp":"2025-08-08T17:30:04.754Z"}
{"level":"info","message":"Response: GET / - Status: 401","timestamp":"2025-08-08T17:30:04.756Z"}
{"level":"info","message":"SIGINT signal received: closing server...","timestamp":"2025-08-08T17:33:23.820Z"}
{"level":"info","message":"Server is running on port 4000 in development mode","timestamp":"2025-08-08T17:33:28.388Z"}
{"level":"info","message":"Database connected successfully","timestamp":"2025-08-08T17:33:29.328Z"}
{"level":"info","message":"Server is running on port 4000 in development mode","timestamp":"2025-08-08T17:33:50.376Z"}
{"level":"info","message":"Database connected successfully","timestamp":"2025-08-08T17:33:50.582Z"}
{"level":"info","message":"Incoming Request: GET /api/sessions","timestamp":"2025-08-08T17:34:42.071Z"}
{"level":"warn","message":"Authorization header is missing.","timestamp":"2025-08-08T17:34:42.073Z"}
{"level":"info","message":"Response: GET / - Status: 401","timestamp":"2025-08-08T17:34:42.080Z"}
{"level":"info","message":"Incoming Request: GET /api/sessions","timestamp":"2025-08-08T17:34:42.105Z"}
{"level":"warn","message":"Authorization header is missing.","timestamp":"2025-08-08T17:34:42.106Z"}
{"level":"info","message":"Response: GET / - Status: 401","timestamp":"2025-08-08T17:34:42.110Z"}
{"level":"info","message":"SIGINT signal received: closing server...","timestamp":"2025-08-08T17:58:01.070Z"}
{"level":"info","message":"Server is running on port 4000 in development mode","timestamp":"2025-08-08T17:58:06.216Z"}
{"level":"info","message":"Database connected successfully","timestamp":"2025-08-08T17:58:07.501Z"}
{"level":"info","message":"Server is running on port 4000 in development mode","timestamp":"2025-08-08T17:58:39.161Z"}
{"level":"info","message":"Database connected successfully","timestamp":"2025-08-08T17:58:39.365Z"}
{"level":"info","message":"Incoming Request: GET /api/sessions","timestamp":"2025-08-08T17:59:23.324Z"}
{"level":"warn","message":"Authorization header is missing.","timestamp":"2025-08-08T17:59:23.328Z"}
{"level":"info","message":"Response: GET / - Status: 401","timestamp":"2025-08-08T17:59:23.337Z"}
{"level":"info","message":"Incoming Request: GET /api/sessions","timestamp":"2025-08-08T17:59:23.342Z"}
{"level":"warn","message":"Authorization header is missing.","timestamp":"2025-08-08T17:59:23.347Z"}
{"level":"info","message":"Response: GET / - Status: 401","timestamp":"2025-08-08T17:59:23.348Z"}
{"level":"info","message":"Incoming Request: GET /api/sessions","timestamp":"2025-08-08T18:03:21.928Z"}
{"level":"warn","message":"Authorization header is missing.","timestamp":"2025-08-08T18:03:21.929Z"}
{"level":"info","message":"Response: GET / - Status: 401","timestamp":"2025-08-08T18:03:21.947Z"}
{"level":"info","message":"Incoming Request: GET /api/sessions","timestamp":"2025-08-08T18:03:22.040Z"}
{"level":"warn","message":"Authorization header is missing.","timestamp":"2025-08-08T18:03:22.040Z"}
{"level":"info","message":"Response: GET / - Status: 401","timestamp":"2025-08-08T18:03:22.047Z"}
{"level":"info","message":"Incoming Request: GET /api/sessions","timestamp":"2025-08-08T18:03:45.846Z"}
{"level":"warn","message":"Authorization header is missing.","timestamp":"2025-08-08T18:03:45.847Z"}
{"level":"info","message":"Response: GET / - Status: 401","timestamp":"2025-08-08T18:03:45.848Z"}
{"level":"info","message":"Incoming Request: GET /api/sessions","timestamp":"2025-08-08T18:03:45.849Z"}
{"level":"warn","message":"Authorization header is missing.","timestamp":"2025-08-08T18:03:45.849Z"}
{"level":"info","message":"Response: GET / - Status: 401","timestamp":"2025-08-08T18:03:45.850Z"}
{"level":"info","message":"Incoming Request: GET /api/sessions","timestamp":"2025-08-08T18:03:59.304Z"}
{"level":"warn","message":"Authorization header is missing.","timestamp":"2025-08-08T18:03:59.304Z"}
{"level":"info","message":"Response: GET / - Status: 401","timestamp":"2025-08-08T18:03:59.311Z"}
{"level":"info","message":"Incoming Request: GET /api/sessions","timestamp":"2025-08-08T18:03:59.329Z"}
{"level":"warn","message":"Authorization header is missing.","timestamp":"2025-08-08T18:03:59.331Z"}
{"level":"info","message":"Response: GET / - Status: 401","timestamp":"2025-08-08T18:03:59.333Z"}
{"level":"info","message":"SIGINT signal received: closing server...","timestamp":"2025-08-08T18:04:29.939Z"}
{"level":"info","message":"Server is running on port 4000 in development mode","timestamp":"2025-08-08T18:04:35.989Z"}
{"level":"info","message":"Database connected successfully","timestamp":"2025-08-08T18:04:36.994Z"}
{"level":"info","message":"Server is running on port 4000 in development mode","timestamp":"2025-08-08T18:04:54.294Z"}
{"level":"info","message":"Database connected successfully","timestamp":"2025-08-08T18:04:54.557Z"}
{"level":"info","message":"Incoming Request: GET /api/sessions","timestamp":"2025-08-08T18:05:02.847Z"}
{"level":"warn","message":"Authorization header is missing.","timestamp":"2025-08-08T18:05:02.849Z"}
{"level":"info","message":"Response: GET / - Status: 401","timestamp":"2025-08-08T18:05:02.857Z"}
{"level":"info","message":"Incoming Request: GET /api/sessions","timestamp":"2025-08-08T18:05:02.865Z"}
{"level":"warn","message":"Authorization header is missing.","timestamp":"2025-08-08T18:05:02.871Z"}
{"level":"info","message":"Response: GET / - Status: 401","timestamp":"2025-08-08T18:05:02.875Z"}
{"level":"info","message":"Incoming Request: GET /api/sessions","timestamp":"2025-08-08T18:09:49.932Z"}
{"level":"warn","message":"Authorization header is missing.","timestamp":"2025-08-08T18:09:49.935Z"}
{"level":"info","message":"Response: GET / - Status: 401","timestamp":"2025-08-08T18:09:49.944Z"}
{"level":"info","message":"Incoming Request: GET /api/sessions","timestamp":"2025-08-08T18:09:49.946Z"}
{"level":"warn","message":"Authorization header is missing.","timestamp":"2025-08-08T18:09:49.950Z"}
{"level":"info","message":"Response: GET / - Status: 401","timestamp":"2025-08-08T18:09:49.955Z"}
{"level":"info","message":"Incoming Request: GET /api/sessions","timestamp":"2025-08-08T18:10:11.851Z"}
{"level":"warn","message":"Authorization header is missing.","timestamp":"2025-08-08T18:10:11.851Z"}
{"level":"info","message":"Response: GET / - Status: 401","timestamp":"2025-08-08T18:10:11.857Z"}
{"level":"info","message":"Incoming Request: GET /api/sessions","timestamp":"2025-08-08T18:10:11.870Z"}
{"level":"warn","message":"Authorization header is missing.","timestamp":"2025-08-08T18:10:11.875Z"}
{"level":"info","message":"Response: GET / - Status: 401","timestamp":"2025-08-08T18:10:11.877Z"}
{"level":"info","message":"Incoming Request: POST /api/auth/login","timestamp":"2025-08-08T18:17:54.948Z"}
{"level":"info","message":"[POST] /api/auth/login accessed","timestamp":"2025-08-08T18:17:54.950Z"}
{"level":"warn","message":"Login failed: No user found with email user@example.com","timestamp":"2025-08-08T18:17:54.977Z"}
{"level":"info","message":"Response: POST /login - Status: 400","timestamp":"2025-08-08T18:17:54.979Z"}
{"level":"info","message":"Incoming Request: POST /api/auth/login","timestamp":"2025-08-08T18:18:23.229Z"}
{"level":"info","message":"[POST] /api/auth/login accessed","timestamp":"2025-08-08T18:18:23.231Z"}
{"level":"warn","message":"Login failed: No user found with email user@example.com","timestamp":"2025-08-08T18:18:23.246Z"}
{"level":"info","message":"Response: POST /login - Status: 400","timestamp":"2025-08-08T18:18:23.247Z"}
{"level":"info","message":"Incoming Request: POST /api/auth/login","timestamp":"2025-08-08T18:23:09.492Z"}
{"level":"info","message":"[POST] /api/auth/login accessed","timestamp":"2025-08-08T18:23:09.492Z"}
{"level":"info","message":"User logged in successfully: staff@campabbey.com","timestamp":"2025-08-08T18:23:09.615Z"}
{"level":"info","message":"Response: POST /login - Status: 200","timestamp":"2025-08-08T18:23:09.624Z"}
{"level":"info","message":"Incoming Request: GET /api/sessions","timestamp":"2025-08-08T18:24:01.069Z"}
{"level":"warn","message":"Authorization header is missing.","timestamp":"2025-08-08T18:24:01.070Z"}
{"level":"info","message":"Response: GET / - Status: 401","timestamp":"2025-08-08T18:24:01.077Z"}
{"level":"info","message":"Incoming Request: GET /api/sessions","timestamp":"2025-08-08T18:24:01.224Z"}
{"level":"warn","message":"Authorization header is missing.","timestamp":"2025-08-08T18:24:01.224Z"}
{"level":"info","message":"Response: GET / - Status: 401","timestamp":"2025-08-08T18:24:01.225Z"}
{"level":"info","message":"Incoming Request: GET /api/sessions","timestamp":"2025-08-08T18:24:29.923Z"}
{"level":"warn","message":"Authorization header is missing.","timestamp":"2025-08-08T18:24:29.923Z"}
{"level":"info","message":"Response: GET / - Status: 401","timestamp":"2025-08-08T18:24:29.926Z"}
{"level":"info","message":"Incoming Request: GET /api/sessions","timestamp":"2025-08-08T18:24:29.944Z"}
{"level":"warn","message":"Authorization header is missing.","timestamp":"2025-08-08T18:24:29.945Z"}
{"level":"info","message":"Response: GET / - Status: 401","timestamp":"2025-08-08T18:24:29.954Z"}
{"level":"info","message":"Server is running on port 4000 in development mode","timestamp":"2025-08-08T18:24:50.257Z"}
{"level":"info","message":"Database connected successfully","timestamp":"2025-08-08T18:24:50.724Z"}
{"level":"info","message":"Incoming Request: GET /api/sessions","timestamp":"2025-08-08T18:24:59.777Z"}
{"level":"warn","message":"Authorization header is missing.","timestamp":"2025-08-08T18:24:59.778Z"}
{"level":"info","message":"Response: GET / - Status: 401","timestamp":"2025-08-08T18:24:59.800Z"}
{"level":"info","message":"Incoming Request: GET /api/sessions","timestamp":"2025-08-08T18:24:59.804Z"}
{"level":"warn","message":"Authorization header is missing.","timestamp":"2025-08-08T18:24:59.813Z"}
{"level":"info","message":"Response: GET / - Status: 401","timestamp":"2025-08-08T18:24:59.818Z"}
